生成启动时间为 2017/1/19 9:28:20。
     1>项目“D:\projects\raster_shp\raster_shp\raster_shp.vcxproj”在节点 2 上(build 个目标)。
     1>InitializeBuildStatus:
         正在创建“x64\Debug\raster_shp.unsuccessfulbuild”，因为已指定“AlwaysCreate”。
       ClCompile:
         所有输出均为最新。
         D:\Program Files (x86)\Microsoft Visual Studio 10.0\VC\bin\x86_amd64\CL.exe /c /Zi /nologo /W3 /WX- /Od /D WIN32 /D _DEBUG /D _CONSOLE /Gm /EHsc /RTC1 /MDd /GS /fp:precise /Zc:wchar_t /Zc:forScope /Yu"StdAfx.h" /Fp"x64\Debug\raster_shp.pch" /Fo"x64\Debug\\" /Fd"x64\Debug\vc100.pdb" /Gd /TP /errorReport:prompt raster_shp.cpp
         raster_shp.cpp
     1>d:\projects\raster_shp\gdal-1.11.0_x64\include\cpl_string.h(227): warning C4251: “std::_String_val<_Elem,_Alloc>::_Alval”: class“std::allocator<_Ty>”需要有 dll 接口由 class“std::_String_val<_Elem,_Alloc>”的客户端使用
                 with
                 [
                     _Elem=char,
                     _Alloc=std::allocator<char>
                 ]
                 and
                 [
                     _Ty=char
                 ]
                 and
                 [
                     _Elem=char,
                     _Alloc=std::allocator<char>
                 ]
     1>D:\projects\raster_shp\gdal-1.11.0_x64\include\gdal_priv.h(451): warning C4251: “GDALColorTable::aoEntries”: class“std::vector<_Ty>”需要有 dll 接口由 class“GDALColorTable”的客户端使用
                 with
                 [
                     _Ty=GDALColorEntry
                 ]
       ManifestResourceCompile:
         所有输出均为最新。
       Link:
         D:\Program Files (x86)\Microsoft Visual Studio 10.0\VC\bin\x86_amd64\link.exe /ERRORREPORT:PROMPT /OUT:"D:\projects\raster_shp\x64\Debug\raster_shp.exe" /INCREMENTAL /NOLOGO gdal_i.lib kernel32.lib user32.lib gdi32.lib winspool.lib comdlg32.lib advapi32.lib shell32.lib ole32.lib oleaut32.lib uuid.lib odbc32.lib odbccp32.lib /MANIFEST /ManifestFile:"x64\Debug\raster_shp.exe.intermediate.manifest" /MANIFESTUAC:"level='asInvoker' uiAccess='false'" /DEBUG /PDB:"D:\projects\raster_shp\x64\Debug\raster_shp.pdb" /SUBSYSTEM:CONSOLE /TLBID:1 /DYNAMICBASE /NXCOMPAT /IMPLIB:"D:\projects\raster_shp\x64\Debug\raster_shp.lib" /MACHINE:X64 x64\Debug\raster_shp.exe.embed.manifest.res
         x64\Debug\raster_shp.obj
         x64\Debug\SieveFilter.obj
         x64\Debug\stdafx.obj
         raster_shp.vcxproj -> D:\projects\raster_shp\x64\Debug\raster_shp.exe
       Manifest:
         C:\Program Files (x86)\Microsoft SDKs\Windows\v7.0A\bin\mt.exe /nologo /verbose /out:"x64\Debug\raster_shp.exe.embed.manifest" /manifest x64\Debug\raster_shp.exe.intermediate.manifest
         所有输出均为最新。
       LinkEmbedManifest:
         所有输出均为最新。
         raster_shp.vcxproj -> D:\projects\raster_shp\x64\Debug\raster_shp.exe
       FinalizeBuildStatus:
         正在删除文件“x64\Debug\raster_shp.unsuccessfulbuild”。
         正在对“x64\Debug\raster_shp.lastbuildstate”执行 Touch 任务。
     1>已完成生成项目“D:\projects\raster_shp\raster_shp\raster_shp.vcxproj”(build 个目标)的操作。

生成成功。

已用时间 00:00:01.69
