D:\projects\raster_shp\raster_shp\x64\Debug\cl.command.1.tlog
D:\projects\raster_shp\raster_shp\x64\Debug\CL.read.1.tlog
D:\projects\raster_shp\raster_shp\x64\Debug\CL.write.1.tlog
D:\projects\raster_shp\raster_shp\x64\Debug\link.10472.read.1.tlog
D:\projects\raster_shp\raster_shp\x64\Debug\link.10472.write.1.tlog
D:\projects\raster_shp\raster_shp\x64\Debug\link.10472-cvtres.read.1.tlog
D:\projects\raster_shp\raster_shp\x64\Debug\link.10472-cvtres.write.1.tlog
D:\projects\raster_shp\raster_shp\x64\Debug\link.18948.read.1.tlog
D:\projects\raster_shp\raster_shp\x64\Debug\link.18948.write.1.tlog
D:\projects\raster_shp\raster_shp\x64\Debug\link.18948-cvtres.read.1.tlog
D:\projects\raster_shp\raster_shp\x64\Debug\link.18948-cvtres.write.1.tlog
D:\projects\raster_shp\raster_shp\x64\Debug\link.8144.read.1.tlog
D:\projects\raster_shp\raster_shp\x64\Debug\link.8144.write.1.tlog
D:\projects\raster_shp\raster_shp\x64\Debug\link.8144-cvtres.read.1.tlog
D:\projects\raster_shp\raster_shp\x64\Debug\link.8144-cvtres.write.1.tlog
D:\projects\raster_shp\raster_shp\x64\Debug\link.9744.read.1.tlog
D:\projects\raster_shp\raster_shp\x64\Debug\link.9744.write.1.tlog
D:\projects\raster_shp\raster_shp\x64\Debug\link.9744-cvtres.read.1.tlog
D:\projects\raster_shp\raster_shp\x64\Debug\link.9744-cvtres.write.1.tlog
D:\projects\raster_shp\raster_shp\x64\Debug\link.command.1.tlog
D:\projects\raster_shp\raster_shp\x64\Debug\link.read.1.tlog
D:\projects\raster_shp\raster_shp\x64\Debug\link.write.1.tlog
D:\projects\raster_shp\raster_shp\x64\Debug\link-cvtres.read.1.tlog
D:\projects\raster_shp\raster_shp\x64\Debug\link-cvtres.write.1.tlog
D:\projects\raster_shp\raster_shp\x64\Debug\mt.command.1.tlog
D:\projects\raster_shp\raster_shp\x64\Debug\mt.read.1.tlog
D:\projects\raster_shp\raster_shp\x64\Debug\mt.write.1.tlog
D:\PROJECTS\RASTER_SHP\RASTER_SHP\X64\DEBUG\RASTER_SHP.EXE.EMBED.MANIFEST
D:\PROJECTS\RASTER_SHP\RASTER_SHP\X64\DEBUG\RASTER_SHP.EXE.EMBED.MANIFEST.RES
D:\PROJECTS\RASTER_SHP\RASTER_SHP\X64\DEBUG\RASTER_SHP.EXE.INTERMEDIATE.MANIFEST
D:\PROJECTS\RASTER_SHP\RASTER_SHP\X64\DEBUG\RASTER_SHP.OBJ
D:\PROJECTS\RASTER_SHP\RASTER_SHP\X64\DEBUG\RASTER_SHP.PCH
D:\projects\raster_shp\raster_shp\x64\Debug\raster_shp.vcxprojResolveAssemblyReference.cache
D:\projects\raster_shp\raster_shp\x64\Debug\raster_shp.write.1.tlog
D:\projects\raster_shp\raster_shp\x64\Debug\raster_shp_manifest.rc
D:\projects\raster_shp\raster_shp\x64\Debug\rc.command.1.tlog
D:\projects\raster_shp\raster_shp\x64\Debug\rc.read.1.tlog
D:\projects\raster_shp\raster_shp\x64\Debug\rc.write.1.tlog
D:\PROJECTS\RASTER_SHP\RASTER_SHP\X64\DEBUG\SIEVEFILTER.OBJ
D:\PROJECTS\RASTER_SHP\RASTER_SHP\X64\DEBUG\STDAFX.OBJ
D:\projects\raster_shp\raster_shp\x64\Debug\vc100.idb
D:\PROJECTS\RASTER_SHP\RASTER_SHP\X64\DEBUG\VC100.PDB
D:\PROJECTS\RASTER_SHP\X64\DEBUG\RASTER_SHP.EXE
D:\projects\raster_shp\x64\Debug\raster_shp.exp
D:\PROJECTS\RASTER_SHP\X64\DEBUG\RASTER_SHP.ILK
D:\projects\raster_shp\x64\Debug\raster_shp.lib
D:\PROJECTS\RASTER_SHP\X64\DEBUG\RASTER_SHP.PDB
